  201611225.cpp
c:\opencv\build\include\opencv2\core\mat.hpp(1964): warning C4819: The file contains a character that cannot be represented in the current code page (949). Save the file in Unicode format to prevent data loss
c:\opencv\build\include\opencv2\core\persistence.hpp : warning C4819: The file contains a character that cannot be represented in the current code page (949). Save the file in Unicode format to prevent data loss
c:\opencv\build\include\opencv2\core\utility.hpp : warning C4819: The file contains a character that cannot be represented in the current code page (949). Save the file in Unicode format to prevent data loss
c:\opencv\build\include\opencv2\core\utility.hpp : warning C4819: The file contains a character that cannot be represented in the current code page (949). Save the file in Unicode format to prevent data loss
  201611225View.cpp
c:\opencv\build\include\opencv2\core\mat.hpp(1964): warning C4819: The file contains a character that cannot be represented in the current code page (949). Save the file in Unicode format to prevent data loss
c:\opencv\build\include\opencv2\core\persistence.hpp : warning C4819: The file contains a character that cannot be represented in the current code page (949). Save the file in Unicode format to prevent data loss
c:\opencv\build\include\opencv2\core\utility.hpp : warning C4819: The file contains a character that cannot be represented in the current code page (949). Save the file in Unicode format to prevent data loss
c:\opencv\build\include\opencv2\core\utility.hpp : warning C4819: The file contains a character that cannot be represented in the current code page (949). Save the file in Unicode format to prevent data loss
c:\users\theorist\documents\visual studio 2019\projects\201611225\201611225\201611225view.cpp(218): warning C4244: 'argument': conversion from 'double' to 'int', possible loss of data
c:\users\theorist\documents\visual studio 2019\projects\201611225\201611225\201611225view.cpp(225): warning C4244: 'argument': conversion from 'double' to 'int', possible loss of data
c:\users\theorist\documents\visual studio 2019\projects\201611225\201611225\201611225view.cpp(232): warning C4244: 'argument': conversion from 'double' to 'int', possible loss of data
c:\users\theorist\documents\visual studio 2019\projects\201611225\201611225\201611225view.cpp(239): warning C4244: 'argument': conversion from 'double' to 'int', possible loss of data
c:\users\theorist\documents\visual studio 2019\projects\201611225\201611225\201611225view.cpp(413): warning C4244: '=': conversion from 'double' to 'float', possible loss of data
c:\users\theorist\documents\visual studio 2019\projects\201611225\201611225\201611225view.cpp(414): warning C4244: '=': conversion from 'double' to 'float', possible loss of data
c:\users\theorist\documents\visual studio 2019\projects\201611225\201611225\201611225view.cpp(416): warning C4244: '=': conversion from 'double' to 'float', possible loss of data
c:\users\theorist\documents\visual studio 2019\projects\201611225\201611225\201611225view.cpp(427): warning C4244: '=': conversion from 'double' to 'float', possible loss of data
c:\users\theorist\documents\visual studio 2019\projects\201611225\201611225\201611225view.cpp(566): warning C4244: '=': conversion from 'double' to 'int', possible loss of data
c:\users\theorist\documents\visual studio 2019\projects\201611225\201611225\201611225view.cpp(582): warning C4244: '=': conversion from 'double' to 'int', possible loss of data
c:\users\theorist\documents\visual studio 2019\projects\201611225\201611225\201611225view.cpp(649): warning C4244: '=': conversion from 'double' to 'int', possible loss of data
c:\users\theorist\documents\visual studio 2019\projects\201611225\201611225\201611225view.cpp(739): warning C4244: '=': conversion from 'double' to 'int', possible loss of data
c:\users\theorist\documents\visual studio 2019\projects\201611225\201611225\201611225view.cpp(824): warning C4244: '=': conversion from 'double' to 'int', possible loss of data
c:\users\theorist\documents\visual studio 2019\projects\201611225\201611225\201611225view.cpp(892): warning C4244: '=': conversion from 'double' to 'int', possible loss of data
c:\users\theorist\documents\visual studio 2019\projects\201611225\201611225\201611225view.cpp(1030): warning C4244: '=': conversion from 'double' to 'int', possible loss of data
c:\users\theorist\documents\visual studio 2019\projects\201611225\201611225\201611225view.cpp(1298): warning C4244: 'argument': conversion from 'double' to 'int', possible loss of data
c:\users\theorist\documents\visual studio 2019\projects\201611225\201611225\201611225view.cpp(1299): warning C4244: 'argument': conversion from 'double' to 'int', possible loss of data
  Generating Code...
  201611225.vcxproj -> C:\Users\theorist\Documents\Visual Studio 2019\Projects\201611225\Debug\201611225.exe
