c:\users\theorist\documents\visual studio 2015\projects\201611225\201611225\debug\201611225.pch
c:\users\theorist\documents\visual studio 2015\projects\201611225\201611225\debug\vc140.pdb
c:\users\theorist\documents\visual studio 2015\projects\201611225\201611225\debug\vc140.idb
c:\users\theorist\documents\visual studio 2015\projects\201611225\201611225\debug\stdafx.obj
c:\users\theorist\documents\visual studio 2015\projects\201611225\201611225\debug\201611225doc.obj
c:\users\theorist\documents\visual studio 2015\projects\201611225\201611225\debug\mainfrm.obj
c:\users\theorist\documents\visual studio 2015\projects\201611225\201611225\debug\201611225view.obj
c:\users\theorist\documents\visual studio 2015\projects\201611225\201611225\debug\201611225.obj
c:\users\theorist\documents\visual studio 2015\projects\201611225\201611225\debug\jpegfile.obj
c:\users\theorist\documents\visual studio 2015\projects\201611225\201611225\debug\201611225.res
c:\users\theorist\documents\visual studio 2015\projects\201611225\debug\201611225.pdb
c:\users\theorist\documents\visual studio 2015\projects\201611225\201611225\debug\201611225.tlog\cl.command.1.tlog
c:\users\theorist\documents\visual studio 2015\projects\201611225\201611225\debug\201611225.tlog\cl.read.1.tlog
c:\users\theorist\documents\visual studio 2015\projects\201611225\201611225\debug\201611225.tlog\cl.write.1.tlog
c:\users\theorist\documents\visual studio 2015\projects\201611225\201611225\debug\201611225.tlog\link-cvtres.read.1.tlog
c:\users\theorist\documents\visual studio 2015\projects\201611225\201611225\debug\201611225.tlog\link-cvtres.write.1.tlog
c:\users\theorist\documents\visual studio 2015\projects\201611225\201611225\debug\201611225.tlog\link-mt.read.1.tlog
c:\users\theorist\documents\visual studio 2015\projects\201611225\201611225\debug\201611225.tlog\link-mt.write.1.tlog
c:\users\theorist\documents\visual studio 2015\projects\201611225\201611225\debug\201611225.tlog\link-rc.read.1.tlog
c:\users\theorist\documents\visual studio 2015\projects\201611225\201611225\debug\201611225.tlog\link-rc.write.1.tlog
c:\users\theorist\documents\visual studio 2015\projects\201611225\201611225\debug\201611225.tlog\link.8228-cvtres.read.1.tlog
c:\users\theorist\documents\visual studio 2015\projects\201611225\201611225\debug\201611225.tlog\link.8228-cvtres.write.1.tlog
c:\users\theorist\documents\visual studio 2015\projects\201611225\201611225\debug\201611225.tlog\link.8228-mt.read.1.tlog
c:\users\theorist\documents\visual studio 2015\projects\201611225\201611225\debug\201611225.tlog\link.8228-mt.write.1.tlog
c:\users\theorist\documents\visual studio 2015\projects\201611225\201611225\debug\201611225.tlog\link.8228-rc.read.1.tlog
c:\users\theorist\documents\visual studio 2015\projects\201611225\201611225\debug\201611225.tlog\link.8228-rc.write.1.tlog
c:\users\theorist\documents\visual studio 2015\projects\201611225\201611225\debug\201611225.tlog\link.8228.read.1.tlog
c:\users\theorist\documents\visual studio 2015\projects\201611225\201611225\debug\201611225.tlog\link.8228.write.1.tlog
c:\users\theorist\documents\visual studio 2015\projects\201611225\201611225\debug\201611225.tlog\link.command.1.tlog
c:\users\theorist\documents\visual studio 2015\projects\201611225\201611225\debug\201611225.tlog\link.read.1.tlog
c:\users\theorist\documents\visual studio 2015\projects\201611225\201611225\debug\201611225.tlog\link.write.1.tlog
c:\users\theorist\documents\visual studio 2015\projects\201611225\201611225\debug\201611225.tlog\rc.command.1.tlog
c:\users\theorist\documents\visual studio 2015\projects\201611225\201611225\debug\201611225.tlog\rc.read.1.tlog
c:\users\theorist\documents\visual studio 2015\projects\201611225\201611225\debug\201611225.tlog\rc.write.1.tlog
